<?xml version="1.0" encoding="UTF-8"?>
<!-- Generated by org.testng.reporters.JUnitReportReporter -->
<testsuite hostname="andi" failures="0" tests="1" name="TestSearch" time="2.575" errors="0" timestamp="2021-08-09T16:15:59 EEST" skipped="0">
  <testcase classname="TestSearch" name="testSearch" time="2.575"/>
  <system-out/>
</testsuite> <!-- TestSearch -->
